<?xml version="1.0" encoding="utf-8"?><testsuites name="pytest tests"><testsuite name="pytest" errors="0" failures="0" skipped="0" tests="6" time="0.143" timestamp="2025-09-14T20:36:37.409611-05:00" hostname="LAPTOP-TRDGCHNL"><testcase classname="tests.test_preprocess_img_stevens" name="test_resize_image_shape" time="0.006" /><testcase classname="tests.test_preprocess_img_stevens" name="test_convert_to_grayscale_channels" time="0.001" /><testcase classname="tests.test_preprocess_img_stevens" name="test_apply_clahe_does_not_fail" time="0.011" /><testcase classname="tests.test_preprocess_img_stevens" name="test_normalize_image_range" time="0.003" /><testcase classname="tests.test_preprocess_img_stevens" name="test_add_batch_dimension_shape" time="0.001" /><testcase classname="tests.test_preprocess_img_stevens" name="test_preprocess_full_pipeline" time="0.004" /></testsuite></testsuites>